<?xml version="1.0" encoding="UTF-8" standalone="no"?>
<testsuite failures="0" name="cucumber.runtime.formatter.JUnitFormatter" skipped="0" tests="1" time="9.290753">
    <testcase classname="Registration Page" name="user enters valid details in the registration form to register" time="9.290753">
        <system-out>
            <![CDATA[Given user opens browser....................................................passed
And user validates homepage title...........................................passed
And user clicks registration link...........................................passed
And user validates registration page title..................................passed
And user fills form.........................................................passed
]]>
        </system-out>
    </testcase>
</testsuite>
